New log file opened at Sun Jan 31 16:50:09 KST 2016 by 2185@ImHoonkiui-MacBook-Pro.local
Sending msg to client play-fork-run-1c9d30ba-b46d-47f8-a03a-3c1ca684d667: DetachedLogEvent(LogMessage(debug,sbt server socket logs are in: /Users/imhoonki/Documents/play/play-scala/.sbtserver/connections/master.log))
Sending msg to client play-fork-run-1c9d30ba-b46d-47f8-a03a-3c1ca684d667: DetachedLogEvent(LogMessage(debug,sbt client logs are in: /Users/imhoonki/Documents/play/play-scala/.sbtserver/connections/play-fork-run-1c9d30ba-b46d-47f8-a03a-3c1ca684d667.log))
Sending msg to client play-fork-run-1c9d30ba-b46d-47f8-a03a-3c1ca684d667: DetachedLogEvent(LogMessage(debug,sbt general server logs are in: /Users/imhoonki/Documents/play/play-scala/.sbtserver/master.log))
Reading next message from client.
Got request: DaemonRequest(true)
Reading next message from client.
Sending msg to client play-fork-run-1c9d30ba-b46d-47f8-a03a-3c1ca684d667: (3,ReceivedResponse())
Got request: ListenToEvents()
Reading next message from client.
Sending msg to client play-fork-run-1c9d30ba-b46d-47f8-a03a-3c1ca684d667: BackgroundJobStarted(11,BackgroundJobInfo(2,backgroundRun,AttributeKey[sbt.BackgroundJobHandle]("backgroundRun") in Scope(Build: file:/Users/imhoonki/Documents/play/play-scala/, , Project: ProjectReference(file:/Users/imhoonki/Documents/play/play-scala/,root), Config: compile)))
Sending msg to client play-fork-run-1c9d30ba-b46d-47f8-a03a-3c1ca684d667: BackgroundJobStarted(5,BackgroundJobInfo(1,backgroundRun,AttributeKey[sbt.BackgroundJobHandle]("backgroundRun") in Scope(Build: file:/Users/imhoonki/Documents/play/play-scala/, , Project: ProjectReference(file:/Users/imhoonki/Documents/play/play-scala/,root), Config: compile)))
Sending msg to client play-fork-run-1c9d30ba-b46d-47f8-a03a-3c1ca684d667: (4,ReceivedResponse())
Got request: KeyLookupRequest(root/playForkConfig)
Reading next message from client.
Sending msg to client play-fork-run-1c9d30ba-b46d-47f8-a03a-3c1ca684d667: (5,KeyLookupResponse(root/playForkConfig,Vector(AttributeKey[play.forkrun.protocol.ForkConfig]("playForkConfig") in Scope(Build: file:/Users/imhoonki/Documents/play/play-scala/, , Project: ProjectReference(file:/Users/imhoonki/Documents/play/play-scala/,root)))))
Got request: ListenToValue(AttributeKey[play.forkrun.protocol.ForkConfig]("playForkConfig") in Scope(Build: file:/Users/imhoonki/Documents/play/play-scala/, , Project: ProjectReference(file:/Users/imhoonki/Documents/play/play-scala/,root)))
Reading next message from client.
Sending msg to client play-fork-run-1c9d30ba-b46d-47f8-a03a-3c1ca684d667: (6,ReceivedResponse())
Got request: KeyExecutionRequest(AttributeKey[play.forkrun.protocol.ForkConfig]("playForkConfig") in Scope(Build: file:/Users/imhoonki/Documents/play/play-scala/, , Project: ProjectReference(file:/Users/imhoonki/Documents/play/play-scala/,root)))
Reading next message from client.
Sending msg to client play-fork-run-1c9d30ba-b46d-47f8-a03a-3c1ca684d667: (7,ExecutionRequestReceived(12))
Sending msg to client play-fork-run-1c9d30ba-b46d-47f8-a03a-3c1ca684d667: ExecutionWaiting(12,{file:/Users/imhoonki/Documents/play/play-scala/}root/*:playForkConfig,ClientInfo(1c9d30ba-b46d-47f8-a03a-3c1ca684d667,play-fork-run,Play Fork Run,1,Vector()))
Sending msg to client play-fork-run-1c9d30ba-b46d-47f8-a03a-3c1ca684d667: ExecutionStarting(12)
Sending msg to client play-fork-run-1c9d30ba-b46d-47f8-a03a-3c1ca684d667: DetachedLogEvent(LogMessage(debug,> {file:/Users/imhoonki/Documents/play/play-scala/}root/*:playForkConfig))
Sending msg to client play-fork-run-1c9d30ba-b46d-47f8-a03a-3c1ca684d667: DetachedLogEvent(LogMessage(debug,Evaluating tasks: *:playForkConfig))
Sending msg to client play-fork-run-1c9d30ba-b46d-47f8-a03a-3c1ca684d667: DetachedLogEvent(LogMessage(debug,Running task... Cancel: sbt.server.ServerTaskCancellation@14591aee, check cycles: false))
Sending msg to client play-fork-run-1c9d30ba-b46d-47f8-a03a-3c1ca684d667: DetachedLogEvent(LogMessage(debug,cancel strategy start enabled=true lastCommand=Some(LastCommand(CommandExecutionWork(ExecutionId(12),{file:/Users/imhoonki/Documents/play/play-scala/}root/*:playForkConfig,Set(LiveClient(play-fork-run 1c9d30ba-b46d-47f8-a03a-3c1ca684d667)),sbt.server.WorkCancellationStatus$$anon$1@77b70f78)))))
Sending msg to client play-fork-run-1c9d30ba-b46d-47f8-a03a-3c1ca684d667: TaskStarted(12,814,Some(AttributeKey[scala.collection.Seq[java.lang.String]]("javaOptions") in Scope(Global)))
Sending msg to client play-fork-run-1c9d30ba-b46d-47f8-a03a-3c1ca684d667: TaskStarted(12,816,Some(AttributeKey[scala.Tuple2[java.lang.String,java.io.File]]("playPrefixAndAssets") in Scope(Build: file:/Users/imhoonki/Documents/play/play-scala/, , Project: ProjectReference(file:/Users/imhoonki/Documents/play/play-scala/,root))))
Sending msg to client play-fork-run-1c9d30ba-b46d-47f8-a03a-3c1ca684d667: TaskStarted(12,819,None)
Sending msg to client play-fork-run-1c9d30ba-b46d-47f8-a03a-3c1ca684d667: TaskStarted(12,826,None)
Sending msg to client play-fork-run-1c9d30ba-b46d-47f8-a03a-3c1ca684d667: TaskStarted(12,831,Some(AttributeKey[java.lang.String]("updateCacheName") in Scope(Build: file:/Users/imhoonki/Documents/play/play-scala/, , Project: ProjectReference(file:/Users/imhoonki/Documents/play/play-scala/,root))))
Sending msg to client play-fork-run-1c9d30ba-b46d-47f8-a03a-3c1ca684d667: TaskStarted(12,836,None)
Sending msg to client play-fork-run-1c9d30ba-b46d-47f8-a03a-3c1ca684d667: TaskStarted(12,837,Some(AttributeKey[boolean]("skip") in Scope(Global)))
Sending msg to client play-fork-run-1c9d30ba-b46d-47f8-a03a-3c1ca684d667: TaskStarted(12,840,None)
Sending msg to client play-fork-run-1c9d30ba-b46d-47f8-a03a-3c1ca684d667: TaskStarted(12,841,None)
Sending msg to client play-fork-run-1c9d30ba-b46d-47f8-a03a-3c1ca684d667: TaskStarted(12,843,None)
Sending msg to client play-fork-run-1c9d30ba-b46d-47f8-a03a-3c1ca684d667: TaskStarted(12,852,Some(AttributeKey[scala.Option[scala.collection.Seq[sbt.Resolver]]]("bootResolvers") in Scope(Build: file:/Users/imhoonki/Documents/play/play-scala/, , Project: ProjectReference(file:/Users/imhoonki/Documents/play/play-scala/,root))))
Sending msg to client play-fork-run-1c9d30ba-b46d-47f8-a03a-3c1ca684d667: TaskStarted(12,856,Some(AttributeKey[scala.collection.Seq[sbt.Resolver]]("externalResolvers") in Scope(Build: file:/Users/imhoonki/Documents/play/play-scala/, , Project: ProjectReference(file:/Users/imhoonki/Documents/play/play-scala/,root))))
Sending msg to client play-fork-run-1c9d30ba-b46d-47f8-a03a-3c1ca684d667: TaskStarted(12,857,Some(AttributeKey[scala.collection.Seq[sbt.Credentials]]("credentials") in Scope(Global)))
Sending msg to client play-fork-run-1c9d30ba-b46d-47f8-a03a-3c1ca684d667: TaskStarted(12,862,None)
Sending msg to client play-fork-run-1c9d30ba-b46d-47f8-a03a-3c1ca684d667: TaskStarted(12,866,Some(AttributeKey[scala.Option[java.lang.String]]("mainClass") in Scope(Build: file:/Users/imhoonki/Documents/play/play-scala/, , Project: ProjectReference(file:/Users/imhoonki/Documents/play/play-scala/,root), Config: compile, Task: AttributeKey[void]("run"))))
Sending msg to client play-fork-run-1c9d30ba-b46d-47f8-a03a-3c1ca684d667: TaskStarted(12,868,None)
Sending msg to client play-fork-run-1c9d30ba-b46d-47f8-a03a-3c1ca684d667: TaskFinished(12,814,Some(AttributeKey[scala.collection.Seq[java.lang.String]]("javaOptions") in Scope(Global)),true,None)
Sending msg to client play-fork-run-1c9d30ba-b46d-47f8-a03a-3c1ca684d667: TaskFinished(12,826,None,true,None)
Sending msg to client play-fork-run-1c9d30ba-b46d-47f8-a03a-3c1ca684d667: TaskStarted(12,825,Some(AttributeKey[sbt.BuildStructure]("buildStructure") in Scope(Global)))
Sending msg to client play-fork-run-1c9d30ba-b46d-47f8-a03a-3c1ca684d667: TaskStarted(12,832,Some(AttributeKey[java.io.File]("dependencyCacheDirectory") in Scope(Build: file:/Users/imhoonki/Documents/play/play-scala/, , Project: ProjectReference(file:/Users/imhoonki/Documents/play/play-scala/,root))))
Sending msg to client play-fork-run-1c9d30ba-b46d-47f8-a03a-3c1ca684d667: TaskFinished(12,816,Some(AttributeKey[scala.Tuple2[java.lang.String,java.io.File]]("playPrefixAndAssets") in Scope(Build: file:/Users/imhoonki/Documents/play/play-scala/, , Project: ProjectReference(file:/Users/imhoonki/Documents/play/play-scala/,root))),true,None)
Sending msg to client play-fork-run-1c9d30ba-b46d-47f8-a03a-3c1ca684d667: TaskStarted(12,815,Some(AttributeKey[scala.collection.Seq[scala.Tuple2[java.lang.String,java.io.File]]]("playAllAssets") in Scope(Build: file:/Users/imhoonki/Documents/play/play-scala/, , Project: ProjectReference(file:/Users/imhoonki/Documents/play/play-scala/,root))))
Sending msg to client play-fork-run-1c9d30ba-b46d-47f8-a03a-3c1ca684d667: TaskFinished(12,819,None,true,None)
Sending msg to client play-fork-run-1c9d30ba-b46d-47f8-a03a-3c1ca684d667: TaskStarted(12,818,None)
Sending msg to client play-fork-run-1c9d30ba-b46d-47f8-a03a-3c1ca684d667: TaskStarted(12,822,None)
Sending msg to client play-fork-run-1c9d30ba-b46d-47f8-a03a-3c1ca684d667: TaskStarted(12,835,None)
Sending msg to client play-fork-run-1c9d30ba-b46d-47f8-a03a-3c1ca684d667: TaskStarted(12,838,None)
Sending msg to client play-fork-run-1c9d30ba-b46d-47f8-a03a-3c1ca684d667: TaskStarted(12,850,None)
Sending msg to client play-fork-run-1c9d30ba-b46d-47f8-a03a-3c1ca684d667: TaskStarted(12,855,None)
Sending msg to client play-fork-run-1c9d30ba-b46d-47f8-a03a-3c1ca684d667: TaskStarted(12,858,None)
Sending msg to client play-fork-run-1c9d30ba-b46d-47f8-a03a-3c1ca684d667: TaskStarted(12,863,None)
Sending msg to client play-fork-run-1c9d30ba-b46d-47f8-a03a-3c1ca684d667: TaskFinished(12,840,None,true,None)
Sending msg to client play-fork-run-1c9d30ba-b46d-47f8-a03a-3c1ca684d667: TaskFinished(12,837,Some(AttributeKey[boolean]("skip") in Scope(Global)),true,None)
Sending msg to client play-fork-run-1c9d30ba-b46d-47f8-a03a-3c1ca684d667: TaskFinished(12,843,None,true,None)
Sending msg to client play-fork-run-1c9d30ba-b46d-47f8-a03a-3c1ca684d667: TaskFinished(12,841,None,true,None)
Sending msg to client play-fork-run-1c9d30ba-b46d-47f8-a03a-3c1ca684d667: TaskStarted(12,839,Some(AttributeKey[scala.collection.Seq[sbt.UpdateReport]]("transitiveUpdate") in Scope(Build: file:/Users/imhoonki/Documents/play/play-scala/, , Project: ProjectReference(file:/Users/imhoonki/Documents/play/play-scala/,root))))
Sending msg to client play-fork-run-1c9d30ba-b46d-47f8-a03a-3c1ca684d667: TaskFinished(12,856,Some(AttributeKey[scala.collection.Seq[sbt.Resolver]]("externalResolvers") in Scope(Build: file:/Users/imhoonki/Documents/play/play-scala/, , Project: ProjectReference(file:/Users/imhoonki/Documents/play/play-scala/,root))),true,None)
Sending msg to client play-fork-run-1c9d30ba-b46d-47f8-a03a-3c1ca684d667: TaskFinished(12,836,None,true,None)
Sending msg to client play-fork-run-1c9d30ba-b46d-47f8-a03a-3c1ca684d667: TaskFinished(12,857,Some(AttributeKey[scala.collection.Seq[sbt.Credentials]]("credentials") in Scope(Global)),true,None)
Sending msg to client play-fork-run-1c9d30ba-b46d-47f8-a03a-3c1ca684d667: TaskFinished(12,831,Some(AttributeKey[java.lang.String]("updateCacheName") in Scope(Build: file:/Users/imhoonki/Documents/play/play-scala/, , Project: ProjectReference(file:/Users/imhoonki/Documents/play/play-scala/,root))),true,None)
Sending msg to client play-fork-run-1c9d30ba-b46d-47f8-a03a-3c1ca684d667: TaskFinished(12,852,Some(AttributeKey[scala.Option[scala.collection.Seq[sbt.Resolver]]]("bootResolvers") in Scope(Build: file:/Users/imhoonki/Documents/play/play-scala/, , Project: ProjectReference(file:/Users/imhoonki/Documents/play/play-scala/,root))),true,None)
Sending msg to client play-fork-run-1c9d30ba-b46d-47f8-a03a-3c1ca684d667: TaskFinished(12,862,None,true,None)
Sending msg to client play-fork-run-1c9d30ba-b46d-47f8-a03a-3c1ca684d667: TaskFinished(12,866,Some(AttributeKey[scala.Option[java.lang.String]]("mainClass") in Scope(Build: file:/Users/imhoonki/Documents/play/play-scala/, , Project: ProjectReference(file:/Users/imhoonki/Documents/play/play-scala/,root), Config: compile, Task: AttributeKey[void]("run"))),true,None)
Sending msg to client play-fork-run-1c9d30ba-b46d-47f8-a03a-3c1ca684d667: TaskFinished(12,868,None,true,None)
Sending msg to client play-fork-run-1c9d30ba-b46d-47f8-a03a-3c1ca684d667: TaskFinished(12,825,Some(AttributeKey[sbt.BuildStructure]("buildStructure") in Scope(Global)),true,None)
Sending msg to client play-fork-run-1c9d30ba-b46d-47f8-a03a-3c1ca684d667: TaskStarted(12,824,Some(AttributeKey[sbt.Settings[sbt.Scope]]("settingsData") in Scope(Global)))
Sending msg to client play-fork-run-1c9d30ba-b46d-47f8-a03a-3c1ca684d667: TaskFinished(12,832,Some(AttributeKey[java.io.File]("dependencyCacheDirectory") in Scope(Build: file:/Users/imhoonki/Documents/play/play-scala/, , Project: ProjectReference(file:/Users/imhoonki/Documents/play/play-scala/,root))),true,None)
Sending msg to client play-fork-run-1c9d30ba-b46d-47f8-a03a-3c1ca684d667: TaskFinished(12,815,Some(AttributeKey[scala.collection.Seq[scala.Tuple2[java.lang.String,java.io.File]]]("playAllAssets") in Scope(Build: file:/Users/imhoonki/Documents/play/play-scala/, , Project: ProjectReference(file:/Users/imhoonki/Documents/play/play-scala/,root))),true,None)
Sending msg to client play-fork-run-1c9d30ba-b46d-47f8-a03a-3c1ca684d667: TaskFinished(12,818,None,true,None)
Sending msg to client play-fork-run-1c9d30ba-b46d-47f8-a03a-3c1ca684d667: TaskFinished(12,822,None,true,None)
Sending msg to client play-fork-run-1c9d30ba-b46d-47f8-a03a-3c1ca684d667: TaskFinished(12,835,None,true,None)
Sending msg to client play-fork-run-1c9d30ba-b46d-47f8-a03a-3c1ca684d667: TaskStarted(12,834,Some(AttributeKey[scala.collection.immutable.Map[sbt.ModuleID,sbt.SourcePosition]]("dependencyPositions") in Scope(Build: file:/Users/imhoonki/Documents/play/play-scala/, , Project: ProjectReference(file:/Users/imhoonki/Documents/play/play-scala/,root))))
Sending msg to client play-fork-run-1c9d30ba-b46d-47f8-a03a-3c1ca684d667: TaskFinished(12,838,None,true,None)
Sending msg to client play-fork-run-1c9d30ba-b46d-47f8-a03a-3c1ca684d667: TaskFinished(12,850,None,true,None)
Sending msg to client play-fork-run-1c9d30ba-b46d-47f8-a03a-3c1ca684d667: TaskFinished(12,855,None,true,None)
Sending msg to client play-fork-run-1c9d30ba-b46d-47f8-a03a-3c1ca684d667: TaskFinished(12,863,None,true,None)
Sending msg to client play-fork-run-1c9d30ba-b46d-47f8-a03a-3c1ca684d667: TaskFinished(12,858,None,true,None)
Sending msg to client play-fork-run-1c9d30ba-b46d-47f8-a03a-3c1ca684d667: TaskFinished(12,839,Some(AttributeKey[scala.collection.Seq[sbt.UpdateReport]]("transitiveUpdate") in Scope(Build: file:/Users/imhoonki/Documents/play/play-scala/, , Project: ProjectReference(file:/Users/imhoonki/Documents/play/play-scala/,root))),true,None)
Sending msg to client play-fork-run-1c9d30ba-b46d-47f8-a03a-3c1ca684d667: TaskFinished(12,824,Some(AttributeKey[sbt.Settings[sbt.Scope]]("settingsData") in Scope(Global)),true,None)
Sending msg to client play-fork-run-1c9d30ba-b46d-47f8-a03a-3c1ca684d667: TaskStarted(12,823,None)
Sending msg to client play-fork-run-1c9d30ba-b46d-47f8-a03a-3c1ca684d667: TaskStarted(12,842,None)
Sending msg to client play-fork-run-1c9d30ba-b46d-47f8-a03a-3c1ca684d667: TaskStarted(12,847,Some(AttributeKey[scala.collection.Seq[sbt.ModuleID]]("projectDependencies") in Scope(Build: file:/Users/imhoonki/Documents/play/play-scala/, , Project: ProjectReference(file:/Users/imhoonki/Documents/play/play-scala/,root))))
Sending msg to client play-fork-run-1c9d30ba-b46d-47f8-a03a-3c1ca684d667: TaskStarted(12,854,Some(AttributeKey[scala.collection.immutable.Map[org.apache.ivy.core.module.id.ModuleRevisionId,org.apache.ivy.core.module.descriptor.ModuleDescriptor]]("projectDescriptors") in Scope(Build: file:/Users/imhoonki/Documents/play/play-scala/, , Project: ProjectReference(file:/Users/imhoonki/Documents/play/play-scala/,root))))
Sending msg to client play-fork-run-1c9d30ba-b46d-47f8-a03a-3c1ca684d667: TaskStarted(12,867,Some(AttributeKey[scala.collection.Seq[java.io.File]]("playMonitoredFiles") in Scope(Build: file:/Users/imhoonki/Documents/play/play-scala/, , Project: ProjectReference(file:/Users/imhoonki/Documents/play/play-scala/,root))))
Sending msg to client play-fork-run-1c9d30ba-b46d-47f8-a03a-3c1ca684d667: TaskFinished(12,834,Some(AttributeKey[scala.collection.immutable.Map[sbt.ModuleID,sbt.SourcePosition]]("dependencyPositions") in Scope(Build: file:/Users/imhoonki/Documents/play/play-scala/, , Project: ProjectReference(file:/Users/imhoonki/Documents/play/play-scala/,root))),true,None)
Sending msg to client play-fork-run-1c9d30ba-b46d-47f8-a03a-3c1ca684d667: TaskStarted(12,833,Some(AttributeKey[sbt.UnresolvedWarningConfiguration]("unresolvedWarningConfiguration") in Scope(Build: file:/Users/imhoonki/Documents/play/play-scala/, , Project: ProjectReference(file:/Users/imhoonki/Documents/play/play-scala/,root), Task: AttributeKey[sbt.UpdateReport]("update"))))
Sending msg to client play-fork-run-1c9d30ba-b46d-47f8-a03a-3c1ca684d667: TaskStarted(12,872,None)
Sending msg to client play-fork-run-1c9d30ba-b46d-47f8-a03a-3c1ca684d667: TaskStarted(12,873,None)
Sending msg to client play-fork-run-1c9d30ba-b46d-47f8-a03a-3c1ca684d667: TaskStarted(12,876,None)
Sending msg to client play-fork-run-1c9d30ba-b46d-47f8-a03a-3c1ca684d667: TaskStarted(12,877,None)
Sending msg to client play-fork-run-1c9d30ba-b46d-47f8-a03a-3c1ca684d667: TaskStarted(12,879,None)
Sending msg to client play-fork-run-1c9d30ba-b46d-47f8-a03a-3c1ca684d667: TaskStarted(12,880,None)
Sending msg to client play-fork-run-1c9d30ba-b46d-47f8-a03a-3c1ca684d667: TaskFinished(12,847,Some(AttributeKey[scala.collection.Seq[sbt.ModuleID]]("projectDependencies") in Scope(Build: file:/Users/imhoonki/Documents/play/play-scala/, , Project: ProjectReference(file:/Users/imhoonki/Documents/play/play-scala/,root))),true,None)
Sending msg to client play-fork-run-1c9d30ba-b46d-47f8-a03a-3c1ca684d667: TaskStarted(12,846,Some(AttributeKey[scala.collection.Seq[sbt.ModuleID]]("allDependencies") in Scope(Build: file:/Users/imhoonki/Documents/play/play-scala/, , Project: ProjectReference(file:/Users/imhoonki/Documents/play/play-scala/,root))))
Sending msg to client play-fork-run-1c9d30ba-b46d-47f8-a03a-3c1ca684d667: TaskStarted(12,882,None)
Sending msg to client play-fork-run-1c9d30ba-b46d-47f8-a03a-3c1ca684d667: TaskFinished(12,833,Some(AttributeKey[sbt.UnresolvedWarningConfiguration]("unresolvedWarningConfiguration") in Scope(Build: file:/Users/imhoonki/Documents/play/play-scala/, , Project: ProjectReference(file:/Users/imhoonki/Documents/play/play-scala/,root), Task: AttributeKey[sbt.UpdateReport]("update"))),true,None)
Sending msg to client play-fork-run-1c9d30ba-b46d-47f8-a03a-3c1ca684d667: TaskStarted(12,883,None)
Sending msg to client play-fork-run-1c9d30ba-b46d-47f8-a03a-3c1ca684d667: TaskFinished(12,872,None,true,None)
Sending msg to client play-fork-run-1c9d30ba-b46d-47f8-a03a-3c1ca684d667: TaskFinished(12,873,None,true,None)
Sending msg to client play-fork-run-1c9d30ba-b46d-47f8-a03a-3c1ca684d667: TaskStarted(12,871,Some(AttributeKey[scala.collection.Seq[sbt.Attributed[java.io.File]]]("unmanagedJars") in Scope(Build: file:/Users/imhoonki/Documents/play/play-scala/, , Project: ProjectReference(file:/Users/imhoonki/Documents/play/play-scala/,root), Config: runtime)))
Sending msg to client play-fork-run-1c9d30ba-b46d-47f8-a03a-3c1ca684d667: TaskFinished(12,876,None,true,None)
Sending msg to client play-fork-run-1c9d30ba-b46d-47f8-a03a-3c1ca684d667: TaskFinished(12,877,None,true,None)
Sending msg to client play-fork-run-1c9d30ba-b46d-47f8-a03a-3c1ca684d667: TaskStarted(12,875,Some(AttributeKey[scala.collection.Seq[sbt.Attributed[java.io.File]]]("unmanagedJars") in Scope(Build: file:/Users/imhoonki/Documents/play/play-scala/, , Project: ProjectReference(file:/Users/imhoonki/Documents/play/play-scala/,root), Config: compile)))
Sending msg to client play-fork-run-1c9d30ba-b46d-47f8-a03a-3c1ca684d667: TaskFinished(12,879,None,true,None)
Sending msg to client play-fork-run-1c9d30ba-b46d-47f8-a03a-3c1ca684d667: TaskStarted(12,878,None)
Sending msg to client play-fork-run-1c9d30ba-b46d-47f8-a03a-3c1ca684d667: TaskFinished(12,880,None,true,None)
Sending msg to client play-fork-run-1c9d30ba-b46d-47f8-a03a-3c1ca684d667: TaskFinished(12,842,None,true,None)
Sending msg to client play-fork-run-1c9d30ba-b46d-47f8-a03a-3c1ca684d667: TaskFinished(12,846,Some(AttributeKey[scala.collection.Seq[sbt.ModuleID]]("allDependencies") in Scope(Build: file:/Users/imhoonki/Documents/play/play-scala/, , Project: ProjectReference(file:/Users/imhoonki/Documents/play/play-scala/,root))),true,None)
Sending msg to client play-fork-run-1c9d30ba-b46d-47f8-a03a-3c1ca684d667: TaskStarted(12,845,Some(AttributeKey[sbt.ModuleSettings]("moduleSettings") in Scope(Build: file:/Users/imhoonki/Documents/play/play-scala/, , Project: ProjectReference(file:/Users/imhoonki/Documents/play/play-scala/,root))))
Sending msg to client play-fork-run-1c9d30ba-b46d-47f8-a03a-3c1ca684d667: TaskFinished(12,882,None,true,None)
Sending msg to client play-fork-run-1c9d30ba-b46d-47f8-a03a-3c1ca684d667: TaskStarted(12,881,None)
Sending msg to client play-fork-run-1c9d30ba-b46d-47f8-a03a-3c1ca684d667: TaskFinished(12,883,None,true,None)
Sending msg to client play-fork-run-1c9d30ba-b46d-47f8-a03a-3c1ca684d667: TaskFinished(12,867,Some(AttributeKey[scala.collection.Seq[java.io.File]]("playMonitoredFiles") in Scope(Build: file:/Users/imhoonki/Documents/play/play-scala/, , Project: ProjectReference(file:/Users/imhoonki/Documents/play/play-scala/,root))),true,None)
Sending msg to client play-fork-run-1c9d30ba-b46d-47f8-a03a-3c1ca684d667: TaskFinished(12,871,Some(AttributeKey[scala.collection.Seq[sbt.Attributed[java.io.File]]]("unmanagedJars") in Scope(Build: file:/Users/imhoonki/Documents/play/play-scala/, , Project: ProjectReference(file:/Users/imhoonki/Documents/play/play-scala/,root), Config: runtime)),true,None)
Sending msg to client play-fork-run-1c9d30ba-b46d-47f8-a03a-3c1ca684d667: TaskStarted(12,884,None)
Sending msg to client play-fork-run-1c9d30ba-b46d-47f8-a03a-3c1ca684d667: TaskFinished(12,875,Some(AttributeKey[scala.collection.Seq[sbt.Attributed[java.io.File]]]("unmanagedJars") in Scope(Build: file:/Users/imhoonki/Documents/play/play-scala/, , Project: ProjectReference(file:/Users/imhoonki/Documents/play/play-scala/,root), Config: compile)),true,None)
Sending msg to client play-fork-run-1c9d30ba-b46d-47f8-a03a-3c1ca684d667: TaskFinished(12,845,Some(AttributeKey[sbt.ModuleSettings]("moduleSettings") in Scope(Build: file:/Users/imhoonki/Documents/play/play-scala/, , Project: ProjectReference(file:/Users/imhoonki/Documents/play/play-scala/,root))),true,None)
Sending msg to client play-fork-run-1c9d30ba-b46d-47f8-a03a-3c1ca684d667: TaskFinished(12,881,None,true,None)
Sending msg to client play-fork-run-1c9d30ba-b46d-47f8-a03a-3c1ca684d667: TaskFinished(12,854,Some(AttributeKey[scala.collection.immutable.Map[org.apache.ivy.core.module.id.ModuleRevisionId,org.apache.ivy.core.module.descriptor.ModuleDescriptor]]("projectDescriptors") in Scope(Build: file:/Users/imhoonki/Documents/play/play-scala/, , Project: ProjectReference(file:/Users/imhoonki/Documents/play/play-scala/,root))),true,None)
Sending msg to client play-fork-run-1c9d30ba-b46d-47f8-a03a-3c1ca684d667: TaskStarted(12,853,Some(AttributeKey[sbt.Resolver]("projectResolver") in Scope(Build: file:/Users/imhoonki/Documents/play/play-scala/, , Project: ProjectReference(file:/Users/imhoonki/Documents/play/play-scala/,root))))
Sending msg to client play-fork-run-1c9d30ba-b46d-47f8-a03a-3c1ca684d667: TaskFinished(12,884,None,true,None)
Sending msg to client play-fork-run-1c9d30ba-b46d-47f8-a03a-3c1ca684d667: TaskFinished(12,878,None,true,None)
Sending msg to client play-fork-run-1c9d30ba-b46d-47f8-a03a-3c1ca684d667: TaskStarted(12,874,Some(AttributeKey[scala.collection.Seq[sbt.Attributed[java.io.File]]]("unmanagedJars") in Scope(Build: file:/Users/imhoonki/Documents/play/play-scala/, , Project: ProjectReference(file:/Users/imhoonki/Documents/play/play-scala/,root), Config: compile)))
Sending msg to client play-fork-run-1c9d30ba-b46d-47f8-a03a-3c1ca684d667: TaskFinished(12,853,Some(AttributeKey[sbt.Resolver]("projectResolver") in Scope(Build: file:/Users/imhoonki/Documents/play/play-scala/, , Project: ProjectReference(file:/Users/imhoonki/Documents/play/play-scala/,root))),true,None)
Sending msg to client play-fork-run-1c9d30ba-b46d-47f8-a03a-3c1ca684d667: TaskStarted(12,851,Some(AttributeKey[scala.collection.Seq[sbt.Resolver]]("fullResolvers") in Scope(Build: file:/Users/imhoonki/Documents/play/play-scala/, , Project: ProjectReference(file:/Users/imhoonki/Documents/play/play-scala/,root))))
Sending msg to client play-fork-run-1c9d30ba-b46d-47f8-a03a-3c1ca684d667: TaskFinished(12,874,Some(AttributeKey[scala.collection.Seq[sbt.Attributed[java.io.File]]]("unmanagedJars") in Scope(Build: file:/Users/imhoonki/Documents/play/play-scala/, , Project: ProjectReference(file:/Users/imhoonki/Documents/play/play-scala/,root), Config: compile)),true,None)
Sending msg to client play-fork-run-1c9d30ba-b46d-47f8-a03a-3c1ca684d667: TaskStarted(12,870,None)
Sending msg to client play-fork-run-1c9d30ba-b46d-47f8-a03a-3c1ca684d667: TaskFinished(12,851,Some(AttributeKey[scala.collection.Seq[sbt.Resolver]]("fullResolvers") in Scope(Build: file:/Users/imhoonki/Documents/play/play-scala/, , Project: ProjectReference(file:/Users/imhoonki/Documents/play/play-scala/,root))),true,None)
Sending msg to client play-fork-run-1c9d30ba-b46d-47f8-a03a-3c1ca684d667: TaskStarted(12,849,Some(AttributeKey[sbt.IvyConfiguration]("ivyConfiguration") in Scope(Build: file:/Users/imhoonki/Documents/play/play-scala/, , Project: ProjectReference(file:/Users/imhoonki/Documents/play/play-scala/,root))))
Sending msg to client play-fork-run-1c9d30ba-b46d-47f8-a03a-3c1ca684d667: TaskFinished(12,870,None,true,None)
Sending msg to client play-fork-run-1c9d30ba-b46d-47f8-a03a-3c1ca684d667: TaskStarted(12,869,None)
Sending msg to client play-fork-run-1c9d30ba-b46d-47f8-a03a-3c1ca684d667: TaskFinished(12,849,Some(AttributeKey[sbt.IvyConfiguration]("ivyConfiguration") in Scope(Build: file:/Users/imhoonki/Documents/play/play-scala/, , Project: ProjectReference(file:/Users/imhoonki/Documents/play/play-scala/,root))),true,None)
Sending msg to client play-fork-run-1c9d30ba-b46d-47f8-a03a-3c1ca684d667: TaskStarted(12,848,Some(AttributeKey[sbt.IvySbt]("ivySbt") in Scope(Build: file:/Users/imhoonki/Documents/play/play-scala/, , Project: ProjectReference(file:/Users/imhoonki/Documents/play/play-scala/,root))))
Sending msg to client play-fork-run-1c9d30ba-b46d-47f8-a03a-3c1ca684d667: TaskFinished(12,869,None,true,None)
Sending msg to client play-fork-run-1c9d30ba-b46d-47f8-a03a-3c1ca684d667: TaskFinished(12,823,None,true,None)
Sending msg to client play-fork-run-1c9d30ba-b46d-47f8-a03a-3c1ca684d667: TaskStarted(12,821,Some(AttributeKey[scala.collection.Seq[sbt.Attributed[java.io.File]]]("unmanagedClasspath") in Scope(Build: file:/Users/imhoonki/Documents/play/play-scala/, , Project: ProjectReference(file:/Users/imhoonki/Documents/play/play-scala/,root), Config: runtime)))
Sending msg to client play-fork-run-1c9d30ba-b46d-47f8-a03a-3c1ca684d667: TaskFinished(12,848,Some(AttributeKey[sbt.IvySbt]("ivySbt") in Scope(Build: file:/Users/imhoonki/Documents/play/play-scala/, , Project: ProjectReference(file:/Users/imhoonki/Documents/play/play-scala/,root))),true,None)
Sending msg to client play-fork-run-1c9d30ba-b46d-47f8-a03a-3c1ca684d667: TaskStarted(12,844,Some(AttributeKey[sbt.IvySbt$Module]("ivyModule") in Scope(Build: file:/Users/imhoonki/Documents/play/play-scala/, , Project: ProjectReference(file:/Users/imhoonki/Documents/play/play-scala/,root))))
Sending msg to client play-fork-run-1c9d30ba-b46d-47f8-a03a-3c1ca684d667: TaskFinished(12,821,Some(AttributeKey[scala.collection.Seq[sbt.Attributed[java.io.File]]]("unmanagedClasspath") in Scope(Build: file:/Users/imhoonki/Documents/play/play-scala/, , Project: ProjectReference(file:/Users/imhoonki/Documents/play/play-scala/,root), Config: runtime)),true,None)
Sending msg to client play-fork-run-1c9d30ba-b46d-47f8-a03a-3c1ca684d667: TaskFinished(12,844,Some(AttributeKey[sbt.IvySbt$Module]("ivyModule") in Scope(Build: file:/Users/imhoonki/Documents/play/play-scala/, , Project: ProjectReference(file:/Users/imhoonki/Documents/play/play-scala/,root))),true,None)
Sending msg to client play-fork-run-1c9d30ba-b46d-47f8-a03a-3c1ca684d667: TaskStarted(12,830,Some(AttributeKey[sbt.UpdateReport]("update") in Scope(Build: file:/Users/imhoonki/Documents/play/play-scala/, , Project: ProjectReference(file:/Users/imhoonki/Documents/play/play-scala/,root))))
Sending msg to client play-fork-run-1c9d30ba-b46d-47f8-a03a-3c1ca684d667: TaskFinished(12,830,Some(AttributeKey[sbt.UpdateReport]("update") in Scope(Build: file:/Users/imhoonki/Documents/play/play-scala/, , Project: ProjectReference(file:/Users/imhoonki/Documents/play/play-scala/,root))),true,None)
Sending msg to client play-fork-run-1c9d30ba-b46d-47f8-a03a-3c1ca684d667: TaskStarted(12,829,Some(AttributeKey[sbt.UpdateReport]("update") in Scope(Build: file:/Users/imhoonki/Documents/play/play-scala/, , Project: ProjectReference(file:/Users/imhoonki/Documents/play/play-scala/,root))))
Sending msg to client play-fork-run-1c9d30ba-b46d-47f8-a03a-3c1ca684d667: TaskFinished(12,829,Some(AttributeKey[sbt.UpdateReport]("update") in Scope(Build: file:/Users/imhoonki/Documents/play/play-scala/, , Project: ProjectReference(file:/Users/imhoonki/Documents/play/play-scala/,root))),true,None)
Sending msg to client play-fork-run-1c9d30ba-b46d-47f8-a03a-3c1ca684d667: TaskStarted(12,861,Some(AttributeKey[sbt.Configuration]("classpathConfiguration") in Scope(Build: file:/Users/imhoonki/Documents/play/play-scala/, , Project: ProjectReference(file:/Users/imhoonki/Documents/play/play-scala/,root), Config: compile)))
Sending msg to client play-fork-run-1c9d30ba-b46d-47f8-a03a-3c1ca684d667: TaskStarted(12,865,Some(AttributeKey[scala.collection.Seq[sbt.Attributed[java.io.File]]]("managedClasspath") in Scope(Build: file:/Users/imhoonki/Documents/play/play-scala/, , Project: ProjectReference(file:/Users/imhoonki/Documents/play/play-scala/,root), Config: docs)))
Sending msg to client play-fork-run-1c9d30ba-b46d-47f8-a03a-3c1ca684d667: TaskFinished(12,861,Some(AttributeKey[sbt.Configuration]("classpathConfiguration") in Scope(Build: file:/Users/imhoonki/Documents/play/play-scala/, , Project: ProjectReference(file:/Users/imhoonki/Documents/play/play-scala/,root), Config: compile)),true,None)
Sending msg to client play-fork-run-1c9d30ba-b46d-47f8-a03a-3c1ca684d667: TaskStarted(12,860,None)
Sending msg to client play-fork-run-1c9d30ba-b46d-47f8-a03a-3c1ca684d667: TaskFinished(12,865,Some(AttributeKey[scala.collection.Seq[sbt.Attributed[java.io.File]]]("managedClasspath") in Scope(Build: file:/Users/imhoonki/Documents/play/play-scala/, , Project: ProjectReference(file:/Users/imhoonki/Documents/play/play-scala/,root), Config: docs)),true,None)
Sending msg to client play-fork-run-1c9d30ba-b46d-47f8-a03a-3c1ca684d667: TaskStarted(12,864,Some(AttributeKey[scala.Option[java.io.File]]("playDocsJar") in Scope(Build: file:/Users/imhoonki/Documents/play/play-scala/, , Project: ProjectReference(file:/Users/imhoonki/Documents/play/play-scala/,root))))
Sending msg to client play-fork-run-1c9d30ba-b46d-47f8-a03a-3c1ca684d667: TaskFinished(12,860,None,true,None)
Sending msg to client play-fork-run-1c9d30ba-b46d-47f8-a03a-3c1ca684d667: TaskStarted(12,859,Some(AttributeKey[sbt.Configuration]("classpathConfiguration") in Scope(Build: file:/Users/imhoonki/Documents/play/play-scala/, , Project: ProjectReference(file:/Users/imhoonki/Documents/play/play-scala/,root), Config: runtime)))
Sending msg to client play-fork-run-1c9d30ba-b46d-47f8-a03a-3c1ca684d667: TaskFinished(12,864,Some(AttributeKey[scala.Option[java.io.File]]("playDocsJar") in Scope(Build: file:/Users/imhoonki/Documents/play/play-scala/, , Project: ProjectReference(file:/Users/imhoonki/Documents/play/play-scala/,root))),true,None)
Sending msg to client play-fork-run-1c9d30ba-b46d-47f8-a03a-3c1ca684d667: TaskFinished(12,859,Some(AttributeKey[sbt.Configuration]("classpathConfiguration") in Scope(Build: file:/Users/imhoonki/Documents/play/play-scala/, , Project: ProjectReference(file:/Users/imhoonki/Documents/play/play-scala/,root), Config: runtime)),true,None)
Sending msg to client play-fork-run-1c9d30ba-b46d-47f8-a03a-3c1ca684d667: TaskStarted(12,828,None)
Sending msg to client play-fork-run-1c9d30ba-b46d-47f8-a03a-3c1ca684d667: TaskFinished(12,828,None,true,None)
Sending msg to client play-fork-run-1c9d30ba-b46d-47f8-a03a-3c1ca684d667: TaskStarted(12,827,Some(AttributeKey[scala.collection.Seq[sbt.Attributed[java.io.File]]]("managedClasspath") in Scope(Build: file:/Users/imhoonki/Documents/play/play-scala/, , Project: ProjectReference(file:/Users/imhoonki/Documents/play/play-scala/,root), Config: runtime)))
Sending msg to client play-fork-run-1c9d30ba-b46d-47f8-a03a-3c1ca684d667: TaskFinished(12,827,Some(AttributeKey[scala.collection.Seq[sbt.Attributed[java.io.File]]]("managedClasspath") in Scope(Build: file:/Users/imhoonki/Documents/play/play-scala/, , Project: ProjectReference(file:/Users/imhoonki/Documents/play/play-scala/,root), Config: runtime)),true,None)
Sending msg to client play-fork-run-1c9d30ba-b46d-47f8-a03a-3c1ca684d667: TaskStarted(12,820,None)
Sending msg to client play-fork-run-1c9d30ba-b46d-47f8-a03a-3c1ca684d667: TaskFinished(12,820,None,true,None)
Sending msg to client play-fork-run-1c9d30ba-b46d-47f8-a03a-3c1ca684d667: TaskStarted(12,817,Some(AttributeKey[scala.collection.Seq[sbt.Attributed[java.io.File]]]("playDependencyClasspath") in Scope(Build: file:/Users/imhoonki/Documents/play/play-scala/, , Project: ProjectReference(file:/Users/imhoonki/Documents/play/play-scala/,root))))
Sending msg to client play-fork-run-1c9d30ba-b46d-47f8-a03a-3c1ca684d667: TaskFinished(12,817,Some(AttributeKey[scala.collection.Seq[sbt.Attributed[java.io.File]]]("playDependencyClasspath") in Scope(Build: file:/Users/imhoonki/Documents/play/play-scala/, , Project: ProjectReference(file:/Users/imhoonki/Documents/play/play-scala/,root))),true,None)
Sending msg to client play-fork-run-1c9d30ba-b46d-47f8-a03a-3c1ca684d667: TaskStarted(12,813,Some(AttributeKey[play.forkrun.protocol.ForkConfig]("playForkConfig") in Scope(Build: file:/Users/imhoonki/Documents/play/play-scala/, , Project: ProjectReference(file:/Users/imhoonki/Documents/play/play-scala/,root))))
Sending msg to client play-fork-run-1c9d30ba-b46d-47f8-a03a-3c1ca684d667: TaskFinished(12,813,Some(AttributeKey[play.forkrun.protocol.ForkConfig]("playForkConfig") in Scope(Build: file:/Users/imhoonki/Documents/play/play-scala/, , Project: ProjectReference(file:/Users/imhoonki/Documents/play/play-scala/,root))),true,None)
Sending msg to client play-fork-run-1c9d30ba-b46d-47f8-a03a-3c1ca684d667: ValueChanged(AttributeKey[play.forkrun.protocol.ForkConfig]("playForkConfig") in Scope(Build: file:/Users/imhoonki/Documents/play/play-scala/, , Project: ProjectReference(file:/Users/imhoonki/Documents/play/play-scala/,root)),TaskSuccess(BuildValue(LazyValue(ForkConfig(/Users/imhoonki/Documents/play/play-scala,List(),List(/Users/imhoonki/Documents/play/activator/repository/org.scala-lang/scala-library/2.11.6/jars/scala-library.jar, /Users/imhoonki/Documents/play/activator/repository/com.typesafe.play/twirl-api_2.11/1.1.1/jars/twirl-api_2.11.jar, /Users/imhoonki/Documents/play/activator/repository/org.apache.commons/commons-lang3/3.4/jars/commons-lang3.jar, /Users/imhoonki/.ivy2/cache/org.scala-lang.modules/scala-xml_2.11/bundles/scala-xml_2.11-1.0.1.jar, /Users/imhoonki/.ivy2/cache/com.typesafe.play/play-server_2.11/jars/play-server_2.11-2.4.6.jar, /Users/imhoonki/.ivy2/cache/com.typesafe.play/play_2.11/jars/play_2.11-2.4.6.jar, /Users/imhoonki/.ivy2/cache/com.typesafe.play/build-link/jars/build-link-2.4.6.jar, /Users/imhoonki/.ivy2/cache/com.typesafe.play/play-exceptions/jars/play-exceptions-2.4.6.jar, /Users/imhoonki/Documents/play/activator/repository/org.javassist/javassist/3.19.0-GA/bundles/javassist.jar, /Users/imhoonki/.ivy2/cache/com.typesafe.play/play-iteratees_2.11/jars/play-iteratees_2.11-2.4.6.jar, /Users/imhoonki/.ivy2/cache/org.scala-stm/scala-stm_2.11/jars/scala-stm_2.11-0.7.jar, /Users/imhoonki/Documents/play/activator/repository/com.typesafe/config/1.3.0/bundles/config.jar, /Users/imhoonki/.ivy2/cache/com.typesafe.play/play-json_2.11/jars/play-json_2.11-2.4.6.jar, /Users/imhoonki/.ivy2/cache/com.typesafe.play/play-functional_2.11/jars/play-functional_2.11-2.4.6.jar, /Users/imhoonki/.ivy2/cache/com.typesafe.play/play-datacommons_2.11/jars/play-datacommons_2.11-2.4.6.jar, /Users/imhoonki/Documents/play/activator/repository/joda-time/joda-time/2.8.1/jars/joda-time.jar, /Users/imhoonki/Documents/play/activator/repository/org.joda/joda-convert/1.7/jars/joda-convert.jar, /Users/imhoonki/.ivy2/cache/org.scala-lang/scala-reflect/jars/scala-reflect-2.11.6.jar, /Users/imhoonki/Documents/play/activator/repository/com.fasterxml.jackson.core/jackson-core/2.5.4/bundles/jackson-core.jar, /Users/imhoonki/Documents/play/activator/repository/com.fasterxml.jackson.core/jackson-annotations/2.5.4/bundles/jackson-annotations.jar, /Users/imhoonki/Documents/play/activator/repository/com.fasterxml.jackson.core/jackson-databind/2.5.4/bundles/jackson-databind.jar, /Users/imhoonki/Documents/play/activator/repository/com.fasterxml.jackson.datatype/jackson-datatype-jdk8/2.5.4/bundles/jackson-datatype-jdk8.jar, /Users/imhoonki/Documents/play/activator/repository/com.fasterxml.jackson.datatype/jackson-datatype-jsr310/2.5.4/bundles/jackson-datatype-jsr310.jar, /Users/imhoonki/.ivy2/cache/com.typesafe.play/play-netty-utils/jars/play-netty-utils-2.4.6.jar, /Users/imhoonki/Documents/play/activator/repository/org.slf4j/slf4j-api/1.7.12/jars/slf4j-api.jar, /Users/imhoonki/Documents/play/activator/repository/org.slf4j/jul-to-slf4j/1.7.12/jars/jul-to-slf4j.jar, /Users/imhoonki/Documents/play/activator/repository/org.slf4j/jcl-over-slf4j/1.7.12/jars/jcl-over-slf4j.jar, /Users/imhoonki/.ivy2/cache/org.scala-lang.modules/scala-parser-combinators_2.11/bundles/scala-parser-combinators_2.11-1.0.1.jar, /Users/imhoonki/Documents/play/activator/repository/ch.qos.logback/logback-core/1.1.3/jars/logback-core.jar, /Users/imhoonki/Documents/play/activator/repository/ch.qos.logback/logback-classic/1.1.3/jars/logback-classic.jar, /Users/imhoonki/Documents/play/activator/repository/com.typesafe.akka/akka-actor_2.11/2.3.13/jars/akka-actor_2.11.jar, /Users/imhoonki/Documents/play/activator/repository/com.typesafe.akka/akka-slf4j_2.11/2.3.13/jars/akka-slf4j_2.11.jar, /Users/imhoonki/Documents/play/activator/repository/commons-codec/commons-codec/1.10/jars/commons-codec.jar, /Users/imhoonki/.ivy2/cache/xerces/xercesImpl/jars/xercesImpl-2.11.0.jar, /Users/imhoonki/.ivy2/cache/xml-apis/xml-apis/jars/xml-apis-1.4.01.jar, /Users/imhoonki/.ivy2/cache/javax.transaction/jta/jars/jta-1.1.jar, /Users/imhoonki/Documents/play/activator/repository/com.google.inject/guice/4.0/jars/guice.jar, /Users/imhoonki/Documents/play/activator/repository/javax.inject/javax.inject/1/jars/javax.inject.jar, /Users/imhoonki/Documents/play/activator/repository/aopalliance/aopalliance/1.0/jars/aopalliance.jar, /Users/imhoonki/Documents/play/activator/repository/com.google.inject.extensions/guice-assistedinject/4.0/jars/guice-assistedinject.jar, /Users/imhoonki/.ivy2/cache/com.typesafe.play/play-netty-server_2.11/jars/play-netty-server_2.11-2.4.6.jar, /Users/imhoonki/Documents/play/activator/repository/io.netty/netty/3.10.4.Final/bundles/netty.jar, /Users/imhoonki/Documents/play/activator/repository/com.typesafe.netty/netty-http-pipelining/1.1.4/jars/netty-http-pipelining.jar, /Users/imhoonki/.ivy2/cache/com.typesafe.play/play-jdbc_2.11/jars/play-jdbc_2.11-2.4.6.jar, /Users/imhoonki/.ivy2/cache/com.typesafe.play/play-jdbc-api_2.11/jars/play-jdbc-api_2.11-2.4.6.jar, /Users/imhoonki/Documents/play/activator/repository/com.jolbox/bonecp/0.8.0.RELEASE/bundles/bonecp.jar, /Users/imhoonki/Documents/play/activator/repository/com.zaxxer/HikariCP/2.3.7/bundles/HikariCP.jar, /Users/imhoonki/Documents/play/activator/repository/com.h2database/h2/1.4.187/jars/h2.jar, /Users/imhoonki/Documents/play/activator/repository/tyrex/tyrex/1.0.1/jars/tyrex.jar, /Users/imhoonki/.ivy2/cache/com.typesafe.play/play-cache_2.11/jars/play-cache_2.11-2.4.6.jar, /Users/imhoonki/Documents/play/activator/repository/net.sf.ehcache/ehcache-core/2.6.11/jars/ehcache-core.jar, /Users/imhoonki/.ivy2/cache/com.typesafe.play/play-ws_2.11/jars/play-ws_2.11-2.4.6.jar, /Users/imhoonki/Documents/play/activator/repository/com.google.guava/guava/18.0/bundles/guava.jar, /Users/imhoonki/Documents/play/activator/repository/com.ning/async-http-client/1.9.21/jars/async-http-client.jar, /Users/imhoonki/.ivy2/cache/oauth.signpost/signpost-core/jars/signpost-core-1.2.1.2.jar, /Users/imhoonki/.ivy2/cache/oauth.signpost/signpost-commonshttp4/jars/signpost-commonshttp4-1.2.1.2.jar, /Users/imhoonki/Documents/play/activator/repository/org.apache.httpcomponents/httpcore/4.0.1/jars/httpcore.jar, /Users/imhoonki/Documents/play/activator/repository/org.apache.httpcomponents/httpclient/4.0.1/jars/httpclient.jar, /Users/imhoonki/.ivy2/cache/commons-logging/commons-logging/jars/commons-logging-1.1.1.jar),List((public/,/Users/imhoonki/Documents/play/play-scala/target/web/public/main)),List(/Users/imhoonki/.ivy2/cache/com.typesafe.play/play-omnidoc_2.11/jars/play-omnidoc_2.11-2.4.6.jar, /Users/imhoonki/Documents/play/activator/repository/org.scala-lang/scala-library/2.11.6/jars/scala-library.jar, /Users/imhoonki/.ivy2/cache/com.typesafe.play/play-docs_2.11/jars/play-docs_2.11-2.4.6.jar, /Users/imhoonki/.ivy2/cache/com.typesafe.play/play-netty-server_2.11/jars/play-netty-server_2.11-2.4.6.jar, /Users/imhoonki/.ivy2/cache/com.typesafe.play/play-server_2.11/jars/play-server_2.11-2.4.6.jar, /Users/imhoonki/.ivy2/cache/com.typesafe.play/play_2.11/jars/play_2.11-2.4.6.jar, /Users/imhoonki/.ivy2/cache/com.typesafe.play/build-link/jars/build-link-2.4.6.jar, /Users/imhoonki/.ivy2/cache/com.typesafe.play/play-exceptions/jars/play-exceptions-2.4.6.jar, /Users/imhoonki/Documents/play/activator/repository/org.javassist/javassist/3.19.0-GA/bundles/javassist.jar, /Users/imhoonki/.ivy2/cache/com.typesafe.play/play-iteratees_2.11/jars/play-iteratees_2.11-2.4.6.jar, /Users/imhoonki/.ivy2/cache/org.scala-stm/scala-stm_2.11/jars/scala-stm_2.11-0.7.jar, /Users/imhoonki/Documents/play/activator/repository/com.typesafe/config/1.3.0/bundles/config.jar, /Users/imhoonki/.ivy2/cache/com.typesafe.play/play-json_2.11/jars/play-json_2.11-2.4.6.jar, /Users/imhoonki/.ivy2/cache/com.typesafe.play/play-functional_2.11/jars/play-functional_2.11-2.4.6.jar, /Users/imhoonki/.ivy2/cache/com.typesafe.play/play-datacommons_2.11/jars/play-datacommons_2.11-2.4.6.jar, /Users/imhoonki/Documents/play/activator/repository/joda-time/joda-time/2.8.1/jars/joda-time.jar, /Users/imhoonki/Documents/play/activator/repository/org.joda/joda-convert/1.7/jars/joda-convert.jar, /Users/imhoonki/.ivy2/cache/org.scala-lang/scala-reflect/jars/scala-reflect-2.11.6.jar, /Users/imhoonki/Documents/play/activator/repository/com.fasterxml.jackson.core/jackson-core/2.5.4/bundles/jackson-core.jar, /Users/imhoonki/Documents/play/activator/repository/com.fasterxml.jackson.core/jackson-annotations/2.5.4/bundles/jackson-annotations.jar, /Users/imhoonki/Documents/play/activator/repository/com.fasterxml.jackson.core/jackson-databind/2.5.4/bundles/jackson-databind.jar, /Users/imhoonki/Documents/play/activator/repository/com.fasterxml.jackson.datatype/jackson-datatype-jdk8/2.5.4/bundles/jackson-datatype-jdk8.jar, /Users/imhoonki/Documents/play/activator/repository/com.fasterxml.jackson.datatype/jackson-datatype-jsr310/2.5.4/bundles/jackson-datatype-jsr310.jar, /Users/imhoonki/.ivy2/cache/com.typesafe.play/play-netty-utils/jars/play-netty-utils-2.4.6.jar, /Users/imhoonki/Documents/play/activator/repository/org.slf4j/slf4j-api/1.7.12/jars/slf4j-api.jar, /Users/imhoonki/Documents/play/activator/repository/org.slf4j/jul-to-slf4j/1.7.12/jars/jul-to-slf4j.jar, /Users/imhoonki/Documents/play/activator/repository/org.slf4j/jcl-over-slf4j/1.7.12/jars/jcl-over-slf4j.jar, /Users/imhoonki/Documents/play/activator/repository/com.typesafe.play/twirl-api_2.11/1.1.1/jars/twirl-api_2.11.jar, /Users/imhoonki/Documents/play/activator/repository/org.apache.commons/commons-lang3/3.4/jars/commons-lang3.jar, /Users/imhoonki/.ivy2/cache/org.scala-lang.modules/scala-xml_2.11/bundles/scala-xml_2.11-1.0.1.jar, /Users/imhoonki/.ivy2/cache/org.scala-lang.modules/scala-parser-combinators_2.11/bundles/scala-parser-combinators_2.11-1.0.1.jar, /Users/imhoonki/Documents/play/activator/repository/ch.qos.logback/logback-core/1.1.3/jars/logback-core.jar, /Users/imhoonki/Documents/play/activator/repository/ch.qos.logback/logback-classic/1.1.3/jars/logback-classic.jar, /Users/imhoonki/Documents/play/activator/repository/com.typesafe.akka/akka-actor_2.11/2.3.13/jars/akka-actor_2.11.jar, /Users/imhoonki/Documents/play/activator/repository/com.typesafe.akka/akka-slf4j_2.11/2.3.13/jars/akka-slf4j_2.11.jar, /Users/imhoonki/Documents/play/activator/repository/commons-codec/commons-codec/1.10/jars/commons-codec.jar, /Users/imhoonki/.ivy2/cache/xerces/xercesImpl/jars/xercesImpl-2.11.0.jar, /Users/imhoonki/.ivy2/cache/xml-apis/xml-apis/jars/xml-apis-1.4.01.jar, /Users/imhoonki/.ivy2/cache/javax.transaction/jta/jars/jta-1.1.jar, /Users/imhoonki/Documents/play/activator/repository/com.google.inject/guice/4.0/jars/guice.jar, /Users/imhoonki/Documents/play/activator/repository/javax.inject/javax.inject/1/jars/javax.inject.jar, /Users/imhoonki/Documents/play/activator/repository/aopalliance/aopalliance/1.0/jars/aopalliance.jar, /Users/imhoonki/.ivy2/cache/com.google.guava/guava/bundles/guava-16.0.1.jar, /Users/imhoonki/Documents/play/activator/repository/com.google.inject.extensions/guice-assistedinject/4.0/jars/guice-assistedinject.jar, /Users/imhoonki/Documents/play/activator/repository/io.netty/netty/3.10.4.Final/bundles/netty.jar, /Users/imhoonki/Documents/play/activator/repository/com.typesafe.netty/netty-http-pipelining/1.1.4/jars/netty-http-pipelining.jar, /Users/imhoonki/Documents/play/activator/repository/com.typesafe.play/play-doc_2.11/1.2.2/jars/play-doc_2.11.jar, /Users/imhoonki/Documents/play/activator/repository/org.pegdown/pegdown/1.4.0/jars/pegdown.jar, /Users/imhoonki/Documents/play/activator/repository/org.parboiled/parboiled-java/1.1.5/bundles/parboiled-java.jar, /Users/imhoonki/Documents/play/activator/repository/org.parboiled/parboiled-core/1.1.5/bundles/parboiled-core.jar, /Users/imhoonki/Documents/play/activator/repository/org.ow2.asm/asm/4.1/jars/asm.jar, /Users/imhoonki/Documents/play/activator/repository/org.ow2.asm/asm-tree/4.1/jars/asm-tree.jar, /Users/imhoonki/Documents/play/activator/repository/org.ow2.asm/asm-analysis/4.1/jars/asm-analysis.jar, /Users/imhoonki/Documents/play/activator/repository/org.ow2.asm/asm-util/4.1/jars/asm-util.jar, /Users/imhoonki/Documents/play/activator/repository/commons-io/commons-io/2.4/jars/commons-io.jar),Some(/Users/imhoonki/.ivy2/cache/com.typesafe.play/play-omnidoc_2.11/jars/play-omnidoc_2.11-2.4.6.jar),List(),9000,0.0.0.0,DefaultWatchService,List(/Users/imhoonki/Documents/play/play-scala/public, /Users/imhoonki/Documents/play/play-scala/conf, /Users/imhoonki/Documents/play/play-scala/app),/Users/imhoonki/Documents/play/play-scala/target,500,root/playForkNotifyStart,root/playForkReload,300000,play.core.server.DevServerStart),scala.pickling.PicklerUnpickler$DelegatingPicklerUnpickler@337698f0),ForkConfig(/Users/imhoonki/Documents/play/play-scala,List(),List(/Users/imhoonki/Documents/play/activator/repository/org.scala-lang/scala-library/2.11.6/jars/scala-library.jar, /Users/imhoonki/Documents/play/activator/repository/com.typesafe.play/twirl-api_2.11/1.1.1/jars/twirl-api_2.11.jar, /Users/imhoonki/Documents/play/activator/repository/org.apache.commons/commons-lang3/3.4/jars/commons-lang3.jar, /Users/imhoonki/.ivy2/cache/org.scala-lang.modules/scala-xml_2.11/bundles/scala-xml_2.11-1.0.1.jar, /Users/imhoonki/.ivy2/cache/com.typesafe.play/play-server_2.11/jars/play-server_2.11-2.4.6.jar, /Users/imhoonki/.ivy2/cache/com.typesafe.play/play_2.11/jars/play_2.11-2.4.6.jar, /Users/imhoonki/.ivy2/cache/com.typesafe.play/build-link/jars/build-link-2.4.6.jar, /Users/imhoonki/.ivy2/cache/com.typesafe.play/play-exceptions/jars/play-exceptions-2.4.6.jar, /Users/imhoonki/Documents/play/activator/repository/org.javassist/javassist/3.19.0-GA/bundles/javassist.jar, /Users/imhoonki/.ivy2/cache/com.typesafe.play/play-iteratees_2.11/jars/play-iteratees_2.11-2.4.6.jar, /Users/imhoonki/.ivy2/cache/org.scala-stm/scala-stm_2.11/jars/scala-stm_2.11-0.7.jar, /Users/imhoonki/Documents/play/activator/repository/com.typesafe/config/1.3.0/bundles/config.jar, /Users/imhoonki/.ivy2/cache/com.typesafe.play/play-json_2.11/jars/play-json_2.11-2.4.6.jar, /Users/imhoonki/.ivy2/cache/com.typesafe.play/play-functional_2.11/jars/play-functional_2.11-2.4.6.jar, /Users/imhoonki/.ivy2/cache/com.typesafe.play/play-datacommons_2.11/jars/play-datacommons_2.11-2.4.6.jar, /Users/imhoonki/Documents/play/activator/repository/joda-time/joda-time/2.8.1/jars/joda-time.jar, /Users/imhoonki/Documents/play/activator/repository/org.joda/joda-convert/1.7/jars/joda-convert.jar, /Users/imhoonki/.ivy2/cache/org.scala-lang/scala-reflect/jars/scala-reflect-2.11.6.jar, /Users/imhoonki/Documents/play/activator/repository/com.fasterxml.jackson.core/jackson-core/2.5.4/bundles/jackson-core.jar, /Users/imhoonki/Documents/play/activator/repository/com.fasterxml.jackson.core/jackson-annotations/2.5.4/bundles/jackson-annotations.jar, /Users/imhoonki/Documents/play/activator/repository/com.fasterxml.jackson.core/jackson-databind/2.5.4/bundles/jackson-databind.jar, /Users/imhoonki/Documents/play/activator/repository/com.fasterxml.jackson.datatype/jackson-datatype-jdk8/2.5.4/bundles/jackson-datatype-jdk8.jar, /Users/imhoonki/Documents/play/activator/repository/com.fasterxml.jackson.datatype/jackson-datatype-jsr310/2.5.4/bundles/jackson-datatype-jsr310.jar, /Users/imhoonki/.ivy2/cache/com.typesafe.play/play-netty-utils/jars/play-netty-utils-2.4.6.jar, /Users/imhoonki/Documents/play/activator/repository/org.slf4j/slf4j-api/1.7.12/jars/slf4j-api.jar, /Users/imhoonki/Documents/play/activator/repository/org.slf4j/jul-to-slf4j/1.7.12/jars/jul-to-slf4j.jar, /Users/imhoonki/Documents/play/activator/repository/org.slf4j/jcl-over-slf4j/1.7.12/jars/jcl-over-slf4j.jar, /Users/imhoonki/.ivy2/cache/org.scala-lang.modules/scala-parser-combinators_2.11/bundles/scala-parser-combinators_2.11-1.0.1.jar, /Users/imhoonki/Documents/play/activator/repository/ch.qos.logback/logback-core/1.1.3/jars/logback-core.jar, /Users/imhoonki/Documents/play/activator/repository/ch.qos.logback/logback-classic/1.1.3/jars/logback-classic.jar, /Users/imhoonki/Documents/play/activator/repository/com.typesafe.akka/akka-actor_2.11/2.3.13/jars/akka-actor_2.11.jar, /Users/imhoonki/Documents/play/activator/repository/com.typesafe.akka/akka-slf4j_2.11/2.3.13/jars/akka-slf4j_2.11.jar, /Users/imhoonki/Documents/play/activator/repository/commons-codec/commons-codec/1.10/jars/commons-codec.jar, /Users/imhoonki/.ivy2/cache/xerces/xercesImpl/jars/xercesImpl-2.11.0.jar, /Users/imhoonki/.ivy2/cache/xml-apis/xml-apis/jars/xml-apis-1.4.01.jar, /Users/imhoonki/.ivy2/cache/javax.transaction/jta/jars/jta-1.1.jar, /Users/imhoonki/Documents/play/activator/repository/com.google.inject/guice/4.0/jars/guice.jar, /Users/imhoonki/Documents/play/activator/repository/javax.inject/javax.inject/1/jars/javax.inject.jar, /Users/imhoonki/Documents/play/activator/repository/aopalliance/aopalliance/1.0/jars/aopalliance.jar, /Users/imhoonki/Documents/play/activator/repository/com.google.inject.extensions/guice-assistedinject/4.0/jars/guice-assistedinject.jar, /Users/imhoonki/.ivy2/cache/com.typesafe.play/play-netty-server_2.11/jars/play-netty-server_2.11-2.4.6.jar, /Users/imhoonki/Documents/play/activator/repository/io.netty/netty/3.10.4.Final/bundles/netty.jar, /Users/imhoonki/Documents/play/activator/repository/com.typesafe.netty/netty-http-pipelining/1.1.4/jars/netty-http-pipelining.jar, /Users/imhoonki/.ivy2/cache/com.typesafe.play/play-jdbc_2.11/jars/play-jdbc_2.11-2.4.6.jar, /Users/imhoonki/.ivy2/cache/com.typesafe.play/play-jdbc-api_2.11/jars/play-jdbc-api_2.11-2.4.6.jar, /Users/imhoonki/Documents/play/activator/repository/com.jolbox/bonecp/0.8.0.RELEASE/bundles/bonecp.jar, /Users/imhoonki/Documents/play/activator/repository/com.zaxxer/HikariCP/2.3.7/bundles/HikariCP.jar, /Users/imhoonki/Documents/play/activator/repository/com.h2database/h2/1.4.187/jars/h2.jar, /Users/imhoonki/Documents/play/activator/repository/tyrex/tyrex/1.0.1/jars/tyrex.jar, /Users/imhoonki/.ivy2/cache/com.typesafe.play/play-cache_2.11/jars/play-cache_2.11-2.4.6.jar, /Users/imhoonki/Documents/play/activator/repository/net.sf.ehcache/ehcache-core/2.6.11/jars/ehcache-core.jar, /Users/imhoonki/.ivy2/cache/com.typesafe.play/play-ws_2.11/jars/play-ws_2.11-2.4.6.jar, /Users/imhoonki/Documents/play/activator/repository/com.google.guava/guava/18.0/bundles/guava.jar, /Users/imhoonki/Documents/play/activator/repository/com.ning/async-http-client/1.9.21/jars/async-http-client.jar, /Users/imhoonki/.ivy2/cache/oauth.signpost/signpost-core/jars/signpost-core-1.2.1.2.jar, /Users/imhoonki/.ivy2/cache/oauth.signpost/signpost-commonshttp4/jars/signpost-commonshttp4-1.2.1.2.jar, /Users/imhoonki/Documents/play/activator/repository/org.apache.httpcomponents/httpcore/4.0.1/jars/httpcore.jar, /Users/imhoonki/Documents/play/activator/repository/org.apache.httpcomponents/httpclient/4.0.1/jars/httpclient.jar, /Users/imhoonki/.ivy2/cache/commons-logging/commons-logging/jars/commons-logging-1.1.1.jar),List((public/,/Users/imhoonki/Documents/play/play-scala/target/web/public/main)),List(/Users/imhoonki/.ivy2/cache/com.typesafe.play/play-omnidoc_2.11/jars/play-omnidoc_2.11-2.4.6.jar, /Users/imhoonki/Documents/play/activator/repository/org.scala-lang/scala-library/2.11.6/jars/scala-library.jar, /Users/imhoonki/.ivy2/cache/com.typesafe.play/play-docs_2.11/jars/play-docs_2.11-2.4.6.jar, /Users/imhoonki/.ivy2/cache/com.typesafe.play/play-netty-server_2.11/jars/play-netty-server_2.11-2.4.6.jar, /Users/imhoonki/.ivy2/cache/com.typesafe.play/play-server_2.11/jars/play-server_2.11-2.4.6.jar, /Users/imhoonki/.ivy2/cache/com.typesafe.play/play_2.11/jars/play_2.11-2.4.6.jar, /Users/imhoonki/.ivy2/cache/com.typesafe.play/build-link/jars/build-link-2.4.6.jar, /Users/imhoonki/.ivy2/cache/com.typesafe.play/play-exceptions/jars/play-exceptions-2.4.6.jar, /Users/imhoonki/Documents/play/activator/repository/org.javassist/javassist/3.19.0-GA/bundles/javassist.jar, /Users/imhoonki/.ivy2/cache/com.typesafe.play/play-iteratees_2.11/jars/play-iteratees_2.11-2.4.6.jar, /Users/imhoonki/.ivy2/cache/org.scala-stm/scala-stm_2.11/jars/scala-stm_2.11-0.7.jar, /Users/imhoonki/Documents/play/activator/repository/com.typesafe/config/1.3.0/bundles/config.jar, /Users/imhoonki/.ivy2/cache/com.typesafe.play/play-json_2.11/jars/play-json_2.11-2.4.6.jar, /Users/imhoonki/.ivy2/cache/com.typesafe.play/play-functional_2.11/jars/play-functional_2.11-2.4.6.jar, /Users/imhoonki/.ivy2/cache/com.typesafe.play/play-datacommons_2.11/jars/play-datacommons_2.11-2.4.6.jar, /Users/imhoonki/Documents/play/activator/repository/joda-time/joda-time/2.8.1/jars/joda-time.jar, /Users/imhoonki/Documents/play/activator/repository/org.joda/joda-convert/1.7/jars/joda-convert.jar, /Users/imhoonki/.ivy2/cache/org.scala-lang/scala-reflect/jars/scala-reflect-2.11.6.jar, /Users/imhoonki/Documents/play/activator/repository/com.fasterxml.jackson.core/jackson-core/2.5.4/bundles/jackson-core.jar, /Users/imhoonki/Documents/play/activator/repository/com.fasterxml.jackson.core/jackson-annotations/2.5.4/bundles/jackson-annotations.jar, /Users/imhoonki/Documents/play/activator/repository/com.fasterxml.jackson.core/jackson-databind/2.5.4/bundles/jackson-databind.jar, /Users/imhoonki/Documents/play/activator/repository/com.fasterxml.jackson.datatype/jackson-datatype-jdk8/2.5.4/bundles/jackson-datatype-jdk8.jar, /Users/imhoonki/Documents/play/activator/repository/com.fasterxml.jackson.datatype/jackson-datatype-jsr310/2.5.4/bundles/jackson-datatype-jsr310.jar, /Users/imhoonki/.ivy2/cache/com.typesafe.play/play-netty-utils/jars/play-netty-utils-2.4.6.jar, /Users/imhoonki/Documents/play/activator/repository/org.slf4j/slf4j-api/1.7.12/jars/slf4j-api.jar, /Users/imhoonki/Documents/play/activator/repository/org.slf4j/jul-to-slf4j/1.7.12/jars/jul-to-slf4j.jar, /Users/imhoonki/Documents/play/activator/repository/org.slf4j/jcl-over-slf4j/1.7.12/jars/jcl-over-slf4j.jar, /Users/imhoonki/Documents/play/activator/repository/com.typesafe.play/twirl-api_2.11/1.1.1/jars/twirl-api_2.11.jar, /Users/imhoonki/Documents/play/activator/repository/org.apache.commons/commons-lang3/3.4/jars/commons-lang3.jar, /Users/imhoonki/.ivy2/cache/org.scala-lang.modules/scala-xml_2.11/bundles/scala-xml_2.11-1.0.1.jar, /Users/imhoonki/.ivy2/cache/org.scala-lang.modules/scala-parser-combinators_2.11/bundles/scala-parser-combinators_2.11-1.0.1.jar, /Users/imhoonki/Documents/play/activator/repository/ch.qos.logback/logback-core/1.1.3/jars/logback-core.jar, /Users/imhoonki/Documents/play/activator/repository/ch.qos.logback/logback-classic/1.1.3/jars/logback-classic.jar, /Users/imhoonki/Documents/play/activator/repository/com.typesafe.akka/akka-actor_2.11/2.3.13/jars/akka-actor_2.11.jar, /Users/imhoonki/Documents/play/activator/repository/com.typesafe.akka/akka-slf4j_2.11/2.3.13/jars/akka-slf4j_2.11.jar, /Users/imhoonki/Documents/play/activator/repository/commons-codec/commons-codec/1.10/jars/commons-codec.jar, /Users/imhoonki/.ivy2/cache/xerces/xercesImpl/jars/xercesImpl-2.11.0.jar, /Users/imhoonki/.ivy2/cache/xml-apis/xml-apis/jars/xml-apis-1.4.01.jar, /Users/imhoonki/.ivy2/cache/javax.transaction/jta/jars/jta-1.1.jar, /Users/imhoonki/Documents/play/activator/repository/com.google.inject/guice/4.0/jars/guice.jar, /Users/imhoonki/Documents/play/activator/repository/javax.inject/javax.inject/1/jars/javax.inject.jar, /Users/imhoonki/Documents/play/activator/repository/aopalliance/aopalliance/1.0/jars/aopalliance.jar, /Users/imhoonki/.ivy2/cache/com.google.guava/guava/bundles/guava-16.0.1.jar, /Users/imhoonki/Documents/play/activator/repository/com.google.inject.extensions/guice-assistedinject/4.0/jars/guice-assistedinject.jar, /Users/imhoonki/Documents/play/activator/repository/io.netty/netty/3.10.4.Final/bundles/netty.jar, /Users/imhoonki/Documents/play/activator/repository/com.typesafe.netty/netty-http-pipelining/1.1.4/jars/netty-http-pipelining.jar, /Users/imhoonki/Documents/play/activator/repository/com.typesafe.play/play-doc_2.11/1.2.2/jars/play-doc_2.11.jar, /Users/imhoonki/Documents/play/activator/repository/org.pegdown/pegdown/1.4.0/jars/pegdown.jar, /Users/imhoonki/Documents/play/activator/repository/org.parboiled/parboiled-java/1.1.5/bundles/parboiled-java.jar, /Users/imhoonki/Documents/play/activator/repository/org.parboiled/parboiled-core/1.1.5/bundles/parboiled-core.jar, /Users/imhoonki/Documents/play/activator/repository/org.ow2.asm/asm/4.1/jars/asm.jar, /Users/imhoonki/Documents/play/activator/repository/org.ow2.asm/asm-tree/4.1/jars/asm-tree.jar, /Users/imhoonki/Documents/play/activator/repository/org.ow2.asm/asm-analysis/4.1/jars/asm-analysis.jar, /Users/imhoonki/Documents/play/activator/repository/org.ow2.asm/asm-util/4.1/jars/asm-util.jar, /Users/imhoonki/Documents/play/activator/repository/commons-io/commons-io/2.4/jars/commons-io.jar),Some(/Users/imhoonki/.ivy2/cache/com.typesafe.play/play-omnidoc_2.11/jars/play-omnidoc_2.11-2.4.6.jar),List(),9000,0.0.0.0,DefaultWatchService,List(/Users/imhoonki/Documents/play/play-scala/public, /Users/imhoonki/Documents/play/play-scala/conf, /Users/imhoonki/Documents/play/play-scala/app),/Users/imhoonki/Documents/play/play-scala/target,500,root/playForkNotifyStart,root/playForkReload,300000,play.core.server.DevServerStart))))
Sending msg to client play-fork-run-1c9d30ba-b46d-47f8-a03a-3c1ca684d667: TaskStarted(12,812,None)
Sending msg to client play-fork-run-1c9d30ba-b46d-47f8-a03a-3c1ca684d667: TaskFinished(12,812,None,true,None)
Sending msg to client play-fork-run-1c9d30ba-b46d-47f8-a03a-3c1ca684d667: TaskStarted(12,811,None)
Sending msg to client play-fork-run-1c9d30ba-b46d-47f8-a03a-3c1ca684d667: TaskFinished(12,811,None,true,None)
Sending msg to client play-fork-run-1c9d30ba-b46d-47f8-a03a-3c1ca684d667: DetachedLogEvent(LogMessage(debug,cancel strategy finish enabled=false lastCommand=Some(LastCommand(CommandExecutionWork(ExecutionId(12),{file:/Users/imhoonki/Documents/play/play-scala/}root/*:playForkConfig,Set(LiveClient(play-fork-run 1c9d30ba-b46d-47f8-a03a-3c1ca684d667)),sbt.server.WorkCancellationStatus$$anon$1@77b70f78)))))
Sending msg to client play-fork-run-1c9d30ba-b46d-47f8-a03a-3c1ca684d667: DetachedLogEvent(LogSuccess(Total time: 0 s, completed 2016. 1. 31  4:50:09))
Sending msg to client play-fork-run-1c9d30ba-b46d-47f8-a03a-3c1ca684d667: DetachedLogEvent(LogMessage(debug,> server-post-command-cleanup))
Sending msg to client play-fork-run-1c9d30ba-b46d-47f8-a03a-3c1ca684d667: ExecutionSuccess(12)
Sending msg to client play-fork-run-1c9d30ba-b46d-47f8-a03a-3c1ca684d667: DetachedLogEvent(LogMessage(debug,> server-handle-next-server-request))
Sending msg to client play-fork-run-1c9d30ba-b46d-47f8-a03a-3c1ca684d667: BackgroundJobLogEvent(2,LogMessage(info,))
Sending msg to client play-fork-run-1c9d30ba-b46d-47f8-a03a-3c1ca684d667: BackgroundJobLogEvent(2,LogMessage(info,[35m--- (Running the application, auto-reloading is enabled) ---[0m))
Sending msg to client play-fork-run-1c9d30ba-b46d-47f8-a03a-3c1ca684d667: BackgroundJobLogEvent(2,LogMessage(info,))
Sending msg to client play-fork-run-1c9d30ba-b46d-47f8-a03a-3c1ca684d667: BackgroundJobLogEvent(2,LogMessage(info,p.c.s.NettyServer - Listening for HTTP on /0:0:0:0:0:0:0:0:9000))
Sending msg to client play-fork-run-1c9d30ba-b46d-47f8-a03a-3c1ca684d667: BackgroundJobLogEvent(2,LogMessage(info,))
Sending msg to client play-fork-run-1c9d30ba-b46d-47f8-a03a-3c1ca684d667: BackgroundJobLogEvent(2,LogMessage(info,[32m(Server started, use Ctrl+D to stop and go back to the console...)[0m))
Sending msg to client play-fork-run-1c9d30ba-b46d-47f8-a03a-3c1ca684d667: BackgroundJobLogEvent(2,LogMessage(info,))
Got request: ExecutionRequest(root/playForkNotifyStart http://localhost:9000)
Reading next message from client.
Sending msg to client play-fork-run-1c9d30ba-b46d-47f8-a03a-3c1ca684d667: (8,ExecutionRequestReceived(13))
Sending msg to client play-fork-run-1c9d30ba-b46d-47f8-a03a-3c1ca684d667: ExecutionWaiting(13,root/playForkNotifyStart http://localhost:9000,ClientInfo(1c9d30ba-b46d-47f8-a03a-3c1ca684d667,play-fork-run,Play Fork Run,1,Vector()))
Sending msg to client play-fork-run-1c9d30ba-b46d-47f8-a03a-3c1ca684d667: ExecutionStarting(13)
Sending msg to client play-fork-run-1c9d30ba-b46d-47f8-a03a-3c1ca684d667: DetachedLogEvent(LogMessage(debug,> root/playForkNotifyStart http://localhost:9000))
Sending msg to client play-fork-run-1c9d30ba-b46d-47f8-a03a-3c1ca684d667: DetachedLogEvent(LogMessage(debug,Evaluating tasks: *:playForkNotifyStart))
Sending msg to client play-fork-run-1c9d30ba-b46d-47f8-a03a-3c1ca684d667: DetachedLogEvent(LogMessage(debug,Running task... Cancel: sbt.server.ServerTaskCancellation@1b0a4360, check cycles: false))
Sending msg to client play-fork-run-1c9d30ba-b46d-47f8-a03a-3c1ca684d667: DetachedLogEvent(LogMessage(debug,cancel strategy start enabled=true lastCommand=Some(LastCommand(CommandExecutionWork(ExecutionId(13),root/playForkNotifyStart http://localhost:9000,Set(LiveClient(play-fork-run 1c9d30ba-b46d-47f8-a03a-3c1ca684d667)),sbt.server.WorkCancellationStatus$$anon$1@26db2c63)))))
Sending msg to client play-fork-run-1c9d30ba-b46d-47f8-a03a-3c1ca684d667: TaskStarted(13,889,Some(AttributeKey[sbt.SendEventService]("sendEventService") in Scope(Global)))
Sending msg to client play-fork-run-1c9d30ba-b46d-47f8-a03a-3c1ca684d667: TaskFinished(13,889,Some(AttributeKey[sbt.SendEventService]("sendEventService") in Scope(Global)),true,None)
Sending msg to client play-fork-run-1c9d30ba-b46d-47f8-a03a-3c1ca684d667: TaskStarted(13,888,Some(AttributeKey[scala.Function1[java.lang.String,void]]("playForkStarted") in Scope(Build: file:/Users/imhoonki/Documents/play/play-scala/, , Project: ProjectReference(file:/Users/imhoonki/Documents/play/play-scala/,root))))
Sending msg to client play-fork-run-1c9d30ba-b46d-47f8-a03a-3c1ca684d667: TaskFinished(13,888,Some(AttributeKey[scala.Function1[java.lang.String,void]]("playForkStarted") in Scope(Build: file:/Users/imhoonki/Documents/play/play-scala/, , Project: ProjectReference(file:/Users/imhoonki/Documents/play/play-scala/,root))),true,None)
Sending msg to client play-fork-run-1c9d30ba-b46d-47f8-a03a-3c1ca684d667: TaskStarted(13,887,Some(AttributeKey[void]("playForkNotifyStart") in Scope(Build: file:/Users/imhoonki/Documents/play/play-scala/, , Project: ProjectReference(file:/Users/imhoonki/Documents/play/play-scala/,root))))
Sending msg to client play-fork-run-1c9d30ba-b46d-47f8-a03a-3c1ca684d667: TaskEvent(887,LazyValue(PlayServerStarted(http://localhost:9000),play.forkrun.protocol.Serializers$PlayForkrunProtocolPlayServerStartedPickler1$2$@130745ef))
Sending msg to client play-fork-run-1c9d30ba-b46d-47f8-a03a-3c1ca684d667: TaskFinished(13,887,Some(AttributeKey[void]("playForkNotifyStart") in Scope(Build: file:/Users/imhoonki/Documents/play/play-scala/, , Project: ProjectReference(file:/Users/imhoonki/Documents/play/play-scala/,root))),true,None)
Sending msg to client play-fork-run-1c9d30ba-b46d-47f8-a03a-3c1ca684d667: TaskStarted(13,886,None)
Sending msg to client play-fork-run-1c9d30ba-b46d-47f8-a03a-3c1ca684d667: TaskFinished(13,886,None,true,None)
Sending msg to client play-fork-run-1c9d30ba-b46d-47f8-a03a-3c1ca684d667: TaskStarted(13,885,None)
Sending msg to client play-fork-run-1c9d30ba-b46d-47f8-a03a-3c1ca684d667: TaskFinished(13,885,None,true,None)
Sending msg to client play-fork-run-1c9d30ba-b46d-47f8-a03a-3c1ca684d667: DetachedLogEvent(LogMessage(debug,cancel strategy finish enabled=false lastCommand=Some(LastCommand(CommandExecutionWork(ExecutionId(13),root/playForkNotifyStart http://localhost:9000,Set(LiveClient(play-fork-run 1c9d30ba-b46d-47f8-a03a-3c1ca684d667)),sbt.server.WorkCancellationStatus$$anon$1@26db2c63)))))
Sending msg to client play-fork-run-1c9d30ba-b46d-47f8-a03a-3c1ca684d667: DetachedLogEvent(LogSuccess(Total time: 0 s, completed 2016. 1. 31  4:50:11))
Sending msg to client play-fork-run-1c9d30ba-b46d-47f8-a03a-3c1ca684d667: DetachedLogEvent(LogMessage(debug,> server-post-command-cleanup))
Sending msg to client play-fork-run-1c9d30ba-b46d-47f8-a03a-3c1ca684d667: ExecutionSuccess(13)
Sending msg to client play-fork-run-1c9d30ba-b46d-47f8-a03a-3c1ca684d667: DetachedLogEvent(LogMessage(debug,> server-handle-next-server-request))
Sending msg to client play-fork-run-1c9d30ba-b46d-47f8-a03a-3c1ca684d667: BackgroundJobLogEvent(1,LogMessage(info,JVM exiting, shutting down Play fork run ...))
Sending msg to client play-fork-run-1c9d30ba-b46d-47f8-a03a-3c1ca684d667: BackgroundJobLogEvent(1,LogMessage(info,Play fork run already stopped ...))
Sending msg to client play-fork-run-1c9d30ba-b46d-47f8-a03a-3c1ca684d667: BackgroundJobLogEvent(1,LogMessage(info,Forked Play process exited with status: 0))
Sending msg to client play-fork-run-1c9d30ba-b46d-47f8-a03a-3c1ca684d667: BackgroundJobFinished(5,1)
Sending msg to client play-fork-run-1c9d30ba-b46d-47f8-a03a-3c1ca684d667: ExecutionWaiting(14,jobStop 2,ClientInfo(f5a49ba8-7b21-4966-b797-408c45765fde,activator,Activator,3,Vector()))
Sending msg to client play-fork-run-1c9d30ba-b46d-47f8-a03a-3c1ca684d667: ExecutionStarting(14)
Sending msg to client play-fork-run-1c9d30ba-b46d-47f8-a03a-3c1ca684d667: DetachedLogEvent(LogMessage(debug,> jobStop 2))
Sending msg to client play-fork-run-1c9d30ba-b46d-47f8-a03a-3c1ca684d667: DetachedLogEvent(LogMessage(debug,Evaluating tasks: *:jobStop))
Sending msg to client play-fork-run-1c9d30ba-b46d-47f8-a03a-3c1ca684d667: DetachedLogEvent(LogMessage(debug,Running task... Cancel: sbt.server.ServerTaskCancellation@3fec1bce, check cycles: false))
Sending msg to client play-fork-run-1c9d30ba-b46d-47f8-a03a-3c1ca684d667: DetachedLogEvent(LogMessage(debug,cancel strategy start enabled=true lastCommand=Some(LastCommand(CommandExecutionWork(ExecutionId(14),jobStop 2,Set(LiveClient(activator f5a49ba8-7b21-4966-b797-408c45765fde)),sbt.server.WorkCancellationStatus$$anon$1@373cbdac)))))
Sending msg to client play-fork-run-1c9d30ba-b46d-47f8-a03a-3c1ca684d667: TaskStarted(14,892,Some(AttributeKey[void]("jobStop") in Scope(Global)))
Sending msg to client play-fork-run-1c9d30ba-b46d-47f8-a03a-3c1ca684d667: TaskFinished(14,892,Some(AttributeKey[void]("jobStop") in Scope(Global)),true,None)
Sending msg to client play-fork-run-1c9d30ba-b46d-47f8-a03a-3c1ca684d667: TaskStarted(14,891,None)
Sending msg to client play-fork-run-1c9d30ba-b46d-47f8-a03a-3c1ca684d667: TaskFinished(14,891,None,true,None)
Sending msg to client play-fork-run-1c9d30ba-b46d-47f8-a03a-3c1ca684d667: TaskStarted(14,890,None)
Sending msg to client play-fork-run-1c9d30ba-b46d-47f8-a03a-3c1ca684d667: BackgroundJobLogEvent(2,LogMessage(info,Stopping Play fork run ...))
Sending msg to client play-fork-run-1c9d30ba-b46d-47f8-a03a-3c1ca684d667: TaskFinished(14,890,None,true,None)
Sending msg to client play-fork-run-1c9d30ba-b46d-47f8-a03a-3c1ca684d667: DetachedLogEvent(LogMessage(debug,cancel strategy finish enabled=false lastCommand=Some(LastCommand(CommandExecutionWork(ExecutionId(14),jobStop 2,Set(LiveClient(activator f5a49ba8-7b21-4966-b797-408c45765fde)),sbt.server.WorkCancellationStatus$$anon$1@373cbdac)))))
Sending msg to client play-fork-run-1c9d30ba-b46d-47f8-a03a-3c1ca684d667: DetachedLogEvent(LogSuccess(Total time: 0 s, completed 2016. 1. 31  4:50:32))
Sending msg to client play-fork-run-1c9d30ba-b46d-47f8-a03a-3c1ca684d667: DetachedLogEvent(LogMessage(debug,> server-post-command-cleanup))
Sending msg to client play-fork-run-1c9d30ba-b46d-47f8-a03a-3c1ca684d667: ExecutionSuccess(14)
Sending msg to client play-fork-run-1c9d30ba-b46d-47f8-a03a-3c1ca684d667: DetachedLogEvent(LogMessage(debug,> server-handle-next-server-request))
Got request: UnlistenToEvents()
Reading next message from client.
Sending msg to client play-fork-run-1c9d30ba-b46d-47f8-a03a-3c1ca684d667: (9,ReceivedResponse())
Got request: UnlistenToValue(AttributeKey[play.forkrun.protocol.ForkConfig]("playForkConfig") in Scope(Build: file:/Users/imhoonki/Documents/play/play-scala/, , Project: ProjectReference(file:/Users/imhoonki/Documents/play/play-scala/,root)))
Reading next message from client.
Client play-fork-run-1c9d30ba-b46d-47f8-a03a-3c1ca684d667 EOF, shutting down.
Stopping client.
Client play-fork-run-1c9d30ba-b46d-47f8-a03a-3c1ca684d667 thread exiting.
Dropping message (10,ReceivedResponse()) to dead client play-fork-run-1c9d30ba-b46d-47f8-a03a-3c1ca684d667
Dropping message (0,ReceivedResponse()) to dead client play-fork-run-1c9d30ba-b46d-47f8-a03a-3c1ca684d667
